Tekram_Driver/captin/build/intermediates/manifest_merge_blame_file/release/manifest-merger-blame-release-report.txt
1<?xml version="1.0" encoding="utf-8"?>
2<manifest xmlns:android="http://schemas.android.com/apk/res/android"
3    package="com.turnpoint.ticram.tekram_driver"
4    android:versionCode="76"
5    android:versionName="7.9" >
6
7    <uses-sdk
8        android:minSdkVersion="16"
8-->src\main\AndroidManifest.xml
9        android:targetSdkVersion="28" />
9-->src\main\AndroidManifest.xml
10
11    <uses-feature
11-->src\main\AndroidManifest.xml:5:5-7:36
12        android:name="android.hardware.microphone"
12-->src\main\AndroidManifest.xml:6:9-51
13        android:required="false" />
13-->src\main\AndroidManifest.xml:7:9-33
14
15    <uses-permission android:name="android.permission.ACCESS_COARSE_LOCATION" />
15-->src\main\AndroidManifest.xml:9:5-81
15-->src\main\AndroidManifest.xml:9:22-78
16    <uses-permission android:name="android.permission.INTERNET" />
16-->src\main\AndroidManifest.xml:10:5-67
16-->src\main\AndroidManifest.xml:10:22-64
17    <uses-permission android:name="android.permission.READ_EXTERNAL_STORAGE" />
17-->src\main\AndroidManifest.xml:11:5-80
17-->src\main\AndroidManifest.xml:11:22-77
18    <uses-permission android:name="android.permission.VIBRATE" />
18-->src\main\AndroidManifest.xml:12:5-66
18-->src\main\AndroidManifest.xml:12:22-63
19    <uses-permission android:name="android.permission.WRITE_EXTERNAL_STORAGE" />
19-->src\main\AndroidManifest.xml:13:5-81
19-->src\main\AndroidManifest.xml:13:22-78
20    <uses-permission android:name="android.permission.ACCESS_FINE_LOCATION" />
20-->src\main\AndroidManifest.xml:14:5-79
20-->src\main\AndroidManifest.xml:14:22-76
21    <uses-permission android:name="android.permission.SYSTEM_ALERT_WINDOW" />
21-->src\main\AndroidManifest.xml:15:5-78
21-->src\main\AndroidManifest.xml:15:22-75
22    <uses-permission android:name="com.google.android.providers.gsf.permission.READ_GSERVICES" />
22-->src\main\AndroidManifest.xml:16:5-98
22-->src\main\AndroidManifest.xml:16:22-95
23    <uses-permission android:name="android.permission.ACCESS_WIFI_STATE" />
23-->src\main\AndroidManifest.xml:17:5-76
23-->src\main\AndroidManifest.xml:17:22-73
24    <uses-permission android:name="android.permission.ACCESS_NETWORK_STATE" />
24-->src\main\AndroidManifest.xml:18:5-79
24-->src\main\AndroidManifest.xml:18:22-76
25    <uses-permission android:name="android.permission.CALL_PHONE" />
25-->src\main\AndroidManifest.xml:19:5-69
25-->src\main\AndroidManifest.xml:19:22-66
26    <uses-permission android:name="android.permission.WAKE_LOCK" /> <!-- for sinch -->
26-->src\main\AndroidManifest.xml:20:5-68
26-->src\main\AndroidManifest.xml:20:22-65
27    <!--
28  <uses-permission android:name="android.permission.RECORD_AUDIO" />
29    <uses-permission android:name="android.permission.MODIFY_AUDIO_SETTINGS" />
30    <uses-permission android:name="android.permission.READ_PHONE_STATE" />
31    <uses-permission android:name="android.permission.ACCESS_NOTIFICATION_POLICY" />
32    -->
33    <!-- for sinch push notfication -->
34    <uses-permission android:name="com.google.android.c2dm.permission.RECEIVE" />
34-->src\main\AndroidManifest.xml:28:5-82
34-->src\main\AndroidManifest.xml:28:22-79
35    <!-- <uses-permission android:name="android.permission.WAKE_LOCK" /> -->
36    <permission
36-->src\main\AndroidManifest.xml:30:5-32:47
37        android:name="com.turnpoint.ticram.tekram_driver.permission.C2D_MESSAGE"
37-->src\main\AndroidManifest.xml:31:9-81
38        android:protectionLevel="signature" />
38-->src\main\AndroidManifest.xml:32:9-44
39
40    <uses-permission android:name="com.turnpoint.ticram.tekram_driver.permission.C2D_MESSAGE" /> <!-- for floating widget -draw over other apps- -->
40-->src\main\AndroidManifest.xml:34:5-97
40-->src\main\AndroidManifest.xml:34:22-94
41    <uses-permission android:name="android.permission.SYSTEM_ALERT_WINDOW" />
41-->src\main\AndroidManifest.xml:15:5-78
41-->src\main\AndroidManifest.xml:15:22-75
42    <uses-permission android:name="android.permission.ACTION_MANAGE_OVERLAY_PERMISSION" />
42-->src\main\AndroidManifest.xml:36:5-91
42-->src\main\AndroidManifest.xml:36:22-88
43    <uses-permission android:name="android.permission.FOREGROUND_SERVICE" />
43-->src\main\AndroidManifest.xml:37:5-77
43-->src\main\AndroidManifest.xml:37:22-74
44
45    <uses-feature
45-->[com.google.android.gms:play-services-maps:17.0.0] AndroidManifest.xml:26:5-28:35
46        android:glEsVersion="0x00020000"
46-->[com.google.android.gms:play-services-maps:17.0.0] AndroidManifest.xml:27:9-41
47        android:required="true" />
47-->[com.google.android.gms:play-services-maps:17.0.0] AndroidManifest.xml:28:9-32
48
49    <uses-permission android:name="com.google.android.finsky.permission.BIND_GET_INSTALL_REFERRER_SERVICE" />
49-->[com.google.android.gms:play-services-measurement:17.2.1] AndroidManifest.xml:26:5-110
49-->[com.google.android.gms:play-services-measurement:17.2.1] AndroidManifest.xml:26:22-107
50
51    <application
51-->src\main\AndroidManifest.xml:39:5-239:19
52        android:name="com.turnpoint.ticram.tekram_driver.MyApplication"
52-->src\main\AndroidManifest.xml:40:9-38
53        android:allowBackup="true"
53-->src\main\AndroidManifest.xml:41:9-35
54        android:appComponentFactory="androidx.core.app.CoreComponentFactory"
54-->[androidx.core:core:1.0.0] AndroidManifest.xml:22:18-86
55        android:hardwareAccelerated="false"
55-->src\main\AndroidManifest.xml:42:9-44
56        android:icon="@drawable/driver_ticram_icon"
56-->src\main\AndroidManifest.xml:43:9-52
57        android:label="@string/app_name"
57-->src\main\AndroidManifest.xml:44:9-41
58        android:largeHeap="true"
58-->src\main\AndroidManifest.xml:45:9-33
59        android:roundIcon="@drawable/driver_ticram_icon"
59-->src\main\AndroidManifest.xml:46:9-57
60        android:supportsRtl="true"
60-->src\main\AndroidManifest.xml:47:9-35
61        android:theme="@style/AppTheme"
61-->src\main\AndroidManifest.xml:48:9-40
62        android:usesCleartextTraffic="true" >
62-->src\main\AndroidManifest.xml:49:9-44
63        <activity
63-->src\main\AndroidManifest.xml:50:9-52:25
64            android:name="com.turnpoint.ticram.tekram_driver.Activites.NotesActivity"
64-->src\main\AndroidManifest.xml:50:19-58
65            android:theme="@style/AppTheme.NoActionBar" />
65-->src\main\AndroidManifest.xml:51:19-62
66        <activity
66-->src\main\AndroidManifest.xml:53:9-63:20
67            android:name="com.turnpoint.ticram.tekram_driver.Activites.SplashActivity"
67-->src\main\AndroidManifest.xml:54:13-53
68            android:label="@string/app_name"
68-->src\main\AndroidManifest.xml:55:13-45
69            android:screenOrientation="portrait"
69-->src\main\AndroidManifest.xml:56:13-49
70            android:theme="@style/AppTheme.NoActionBar" >
70-->src\main\AndroidManifest.xml:57:13-56
71            <intent-filter>
71-->src\main\AndroidManifest.xml:58:13-62:29
72                <action android:name="android.intent.action.MAIN" />
72-->src\main\AndroidManifest.xml:59:17-69
72-->src\main\AndroidManifest.xml:59:25-66
73
74                <category android:name="android.intent.category.LAUNCHER" />
74-->src\main\AndroidManifest.xml:61:17-77
74-->src\main\AndroidManifest.xml:61:27-74
75            </intent-filter>
76        </activity>
77        <activity
77-->src\main\AndroidManifest.xml:64:9-68:59
78            android:name="com.turnpoint.ticram.tekram_driver.Activites.LoginActivity"
78-->src\main\AndroidManifest.xml:65:13-52
79            android:label="@string/title_activity_login"
79-->src\main\AndroidManifest.xml:66:13-57
80            android:screenOrientation="portrait"
80-->src\main\AndroidManifest.xml:67:13-49
81            android:theme="@style/AppTheme.NoActionBar" />
81-->src\main\AndroidManifest.xml:68:13-56
82
83        <meta-data
83-->src\main\AndroidManifest.xml:70:9-72:71
84            android:name="com.google.android.geo.API_KEY"
84-->src\main\AndroidManifest.xml:71:13-58
85            android:value="AIzaSyCrBUhvuIULUX7buroHkeVDx5ZMeP1gKsU" />
85-->src\main\AndroidManifest.xml:72:13-68
86        <meta-data
86-->src\main\AndroidManifest.xml:73:9-75:69
87            android:name="com.google.android.gms.version"
87-->src\main\AndroidManifest.xml:74:13-58
88            android:value="@integer/google_play_services_version" />
88-->src\main\AndroidManifest.xml:75:13-66
89        <!--
90            <meta-data
91            android:name="com.google.android.gms.version"
92            android:value="@integer/google_play_services_version" />
93        -->
94        <activity
94-->src\main\AndroidManifest.xml:81:9-85:59
95            android:name="com.turnpoint.ticram.tekram_driver.Activites.MapsMain"
95-->src\main\AndroidManifest.xml:82:13-47
96            android:label="@string/title_activity_maps_main"
96-->src\main\AndroidManifest.xml:83:13-61
97            android:screenOrientation="portrait"
97-->src\main\AndroidManifest.xml:84:13-49
98            android:theme="@style/AppTheme.NoActionBar" />
98-->src\main\AndroidManifest.xml:85:13-56
99
100        <service
100-->src\main\AndroidManifest.xml:87:9-93:19
101            android:name="com.turnpoint.ticram.tekram_driver.FCM.MyFirebaseMessagingService"
101-->src\main\AndroidManifest.xml:88:13-59
102            android:exported="false" >
102-->src\main\AndroidManifest.xml:89:13-37
103            <intent-filter>
103-->src\main\AndroidManifest.xml:90:13-92:29
104                <action android:name="com.google.firebase.MESSAGING_EVENT" />
104-->src\main\AndroidManifest.xml:91:17-78
104-->src\main\AndroidManifest.xml:91:25-75
105            </intent-filter>
106        </service>
107
108        <activity
108-->src\main\AndroidManifest.xml:95:9-107:20
109            android:name="com.turnpoint.ticram.tekram_driver.Activites.ViewDetailsOrder"
109-->src\main\AndroidManifest.xml:96:13-55
110            android:label="@string/title_activity_view_details_order"
110-->src\main\AndroidManifest.xml:97:13-70
111            android:screenOrientation="portrait"
111-->src\main\AndroidManifest.xml:98:13-49
112            android:theme="@style/AppTheme.NoActionBar" >
112-->src\main\AndroidManifest.xml:99:13-56
113
114            <!--
115            <intent-filter>
116                <action android:name=".Activites.ViewDetailsOrder" />
117                <category android:name="android.intent.category.DEFAULT" />
118            </intent-filter>
119            -->
120        </activity>
121        <activity
121-->src\main\AndroidManifest.xml:108:9-112:59
122            android:name="com.turnpoint.ticram.tekram_driver.Activites.FinishTrip"
122-->src\main\AndroidManifest.xml:109:13-49
123            android:label="@string/title_activity_finish_trip"
123-->src\main\AndroidManifest.xml:110:13-63
124            android:screenOrientation="portrait"
124-->src\main\AndroidManifest.xml:111:13-49
125            android:theme="@style/AppTheme.NoActionBar" />
125-->src\main\AndroidManifest.xml:112:13-56
126        <activity
126-->src\main\AndroidManifest.xml:113:9-117:59
127            android:name="com.turnpoint.ticram.tekram_driver.Activites.EditProfile"
127-->src\main\AndroidManifest.xml:114:13-50
128            android:label="@string/title_activity_edit_profile"
128-->src\main\AndroidManifest.xml:115:13-64
129            android:screenOrientation="portrait"
129-->src\main\AndroidManifest.xml:116:13-49
130            android:theme="@style/AppTheme.NoActionBar" />
130-->src\main\AndroidManifest.xml:117:13-56
131        <activity
131-->src\main\AndroidManifest.xml:118:9-122:59
132            android:name="com.turnpoint.ticram.tekram_driver.Activites.MyOrders"
132-->src\main\AndroidManifest.xml:119:13-47
133            android:label="@string/title_activity_my_orders"
133-->src\main\AndroidManifest.xml:120:13-61
134            android:screenOrientation="portrait"
134-->src\main\AndroidManifest.xml:121:13-49
135            android:theme="@style/AppTheme.NoActionBar" />
135-->src\main\AndroidManifest.xml:122:13-56
136        <activity
136-->src\main\AndroidManifest.xml:123:9-127:59
137            android:name="com.turnpoint.ticram.tekram_driver.Activites.Support"
137-->src\main\AndroidManifest.xml:124:13-46
138            android:label="@string/title_activity_support"
138-->src\main\AndroidManifest.xml:125:13-59
139            android:screenOrientation="portrait"
139-->src\main\AndroidManifest.xml:126:13-49
140            android:theme="@style/AppTheme.NoActionBar" />
140-->src\main\AndroidManifest.xml:127:13-56
141        <activity
141-->src\main\AndroidManifest.xml:128:9-132:59
142            android:name="com.turnpoint.ticram.tekram_driver.Activites.ComplaintSupport"
142-->src\main\AndroidManifest.xml:129:13-55
143            android:label="@string/title_activity_complaint_support"
143-->src\main\AndroidManifest.xml:130:13-69
144            android:screenOrientation="portrait"
144-->src\main\AndroidManifest.xml:131:13-49
145            android:theme="@style/AppTheme.NoActionBar" />
145-->src\main\AndroidManifest.xml:132:13-56
146        <activity
146-->src\main\AndroidManifest.xml:133:9-137:59
147            android:name="com.turnpoint.ticram.tekram_driver.Activites.MakeCallSinch"
147-->src\main\AndroidManifest.xml:134:13-52
148            android:label="@string/title_activity_make_call_sinch"
148-->src\main\AndroidManifest.xml:135:13-67
149            android:screenOrientation="portrait"
149-->src\main\AndroidManifest.xml:136:13-49
150            android:theme="@style/AppTheme.NoActionBar" />
150-->src\main\AndroidManifest.xml:137:13-56
151        <activity
151-->src\main\AndroidManifest.xml:138:9-142:59
152            android:name="com.turnpoint.ticram.tekram_driver.Activites.IncommingCallActivity"
152-->src\main\AndroidManifest.xml:139:13-60
153            android:label="@string/title_activity_incomming_call"
153-->src\main\AndroidManifest.xml:140:13-66
154            android:screenOrientation="portrait"
154-->src\main\AndroidManifest.xml:141:13-49
155            android:theme="@style/AppTheme.NoActionBar" />
155-->src\main\AndroidManifest.xml:142:13-56
156        <activity
156-->src\main\AndroidManifest.xml:143:9-147:59
157            android:name="com.turnpoint.ticram.tekram_driver.Activites.OrdersDensity"
157-->src\main\AndroidManifest.xml:144:13-52
158            android:label="@string/title_activity_orders_density"
158-->src\main\AndroidManifest.xml:145:13-66
159            android:screenOrientation="portrait"
159-->src\main\AndroidManifest.xml:146:13-49
160            android:theme="@style/AppTheme.NoActionBar" />
160-->src\main\AndroidManifest.xml:147:13-56
161
162        <service
162-->src\main\AndroidManifest.xml:149:9-152:40
163            android:name="com.turnpoint.ticram.tekram_driver.Services.MyLocationServiceAfter"
163-->src\main\AndroidManifest.xml:150:13-60
164            android:enabled="true"
164-->src\main\AndroidManifest.xml:151:13-35
165            android:exported="false" />
165-->src\main\AndroidManifest.xml:152:13-37
166        <service
166-->src\main\AndroidManifest.xml:153:9-156:40
167            android:name="com.turnpoint.ticram.tekram_driver.Services.LocationServiceBeforeTawaklna"
167-->src\main\AndroidManifest.xml:154:13-67
168            android:enabled="true"
168-->src\main\AndroidManifest.xml:155:13-35
169            android:exported="false" />
169-->src\main\AndroidManifest.xml:156:13-37
170
171        <activity
171-->src\main\AndroidManifest.xml:158:9-162:59
172            android:name="com.turnpoint.ticram.tekram_driver.Activites.HelpActivity"
172-->src\main\AndroidManifest.xml:159:13-51
173            android:label="@string/title_activity_help"
173-->src\main\AndroidManifest.xml:160:13-56
174            android:screenOrientation="portrait"
174-->src\main\AndroidManifest.xml:161:13-49
175            android:theme="@style/AppTheme.NoActionBar" />
175-->src\main\AndroidManifest.xml:162:13-56
176        <activity
176-->src\main\AndroidManifest.xml:163:9-167:59
177            android:name="com.turnpoint.ticram.tekram_driver.Activites.TermsActivity"
177-->src\main\AndroidManifest.xml:164:13-52
178            android:label="@string/title_activity_terms"
178-->src\main\AndroidManifest.xml:165:13-57
179            android:screenOrientation="portrait"
179-->src\main\AndroidManifest.xml:166:13-49
180            android:theme="@style/AppTheme.NoActionBar" />
180-->src\main\AndroidManifest.xml:167:13-56
181        <activity
181-->src\main\AndroidManifest.xml:168:9-172:59
182            android:name="com.turnpoint.ticram.tekram_driver.Activites.MyOrderDetails"
182-->src\main\AndroidManifest.xml:169:13-53
183            android:label="@string/title_activity_my_order_details"
183-->src\main\AndroidManifest.xml:170:13-68
184            android:screenOrientation="portrait"
184-->src\main\AndroidManifest.xml:171:13-49
185            android:theme="@style/AppTheme.NoActionBar" />
185-->src\main\AndroidManifest.xml:172:13-56
186
187        <service
187-->src\main\AndroidManifest.xml:174:9-177:40
188            android:name="com.turnpoint.ticram.tekram_driver.Services.StartSinch"
188-->src\main\AndroidManifest.xml:175:13-48
189            android:enabled="true"
189-->src\main\AndroidManifest.xml:176:13-35
190            android:exported="false" />
190-->src\main\AndroidManifest.xml:177:13-37
191        <service
191-->src\main\AndroidManifest.xml:178:9-181:40
192            android:name="com.turnpoint.ticram.tekram_driver.Services.FloatingViewService"
192-->src\main\AndroidManifest.xml:179:13-57
193            android:enabled="true"
193-->src\main\AndroidManifest.xml:180:13-35
194            android:exported="false" />
194-->src\main\AndroidManifest.xml:181:13-37
195        <!--
196        <receiver android:name=".Services.BroadcastStartSinch"
197            android:enabled="true"
198            android:exported="true"
199            android:label="RestartServiceWhenStopped">
200        <intent-filter>
201            <action android:name="uk.ac.shef.oak.ActivityRecognition.RestartSensor"/>
202        </intent-filter>
203        </receiver>
204        -->
205        <activity
205-->src\main\AndroidManifest.xml:192:9-195:59
206            android:name="com.turnpoint.ticram.tekram_driver.Activites.ShowNotficationLoggedOut"
206-->src\main\AndroidManifest.xml:193:13-63
207            android:label=""
207-->src\main\AndroidManifest.xml:194:13-29
208            android:theme="@style/AppTheme.NoActionBar" />
208-->src\main\AndroidManifest.xml:195:13-56
209
210        <service
210-->src\main\AndroidManifest.xml:197:9-200:40
211            android:name="com.turnpoint.ticram.tekram_driver.Services.SendLoc_beforeTawklnaOreo"
211-->src\main\AndroidManifest.xml:198:13-63
212            android:enabled="true"
212-->src\main\AndroidManifest.xml:199:13-35
213            android:exported="false" />
213-->src\main\AndroidManifest.xml:200:13-37
214
215        <receiver
215-->src\main\AndroidManifest.xml:202:9-205:40
216            android:name="com.turnpoint.ticram.tekram_driver.Services.BoradcastReceiver_restartLocation"
216-->src\main\AndroidManifest.xml:203:13-71
217            android:enabled="true"
217-->src\main\AndroidManifest.xml:204:13-35
218            android:exported="false" />
218-->src\main\AndroidManifest.xml:205:13-37
219
220        <service
220-->src\main\AndroidManifest.xml:207:9-210:40
221            android:name="com.turnpoint.ticram.tekram_driver.Services.CancelTripListner"
221-->src\main\AndroidManifest.xml:208:13-55
222            android:enabled="true"
222-->src\main\AndroidManifest.xml:209:13-35
223            android:exported="false" />
223-->src\main\AndroidManifest.xml:210:13-37
224        <service
224-->src\main\AndroidManifest.xml:211:9-214:40
225            android:name="com.turnpoint.ticram.tekram_driver.Services.FloatWidgetCancel"
225-->src\main\AndroidManifest.xml:212:13-55
226            android:enabled="true"
226-->src\main\AndroidManifest.xml:213:13-35
227            android:exported="false" />
227-->src\main\AndroidManifest.xml:214:13-37
228        <service
228-->src\main\AndroidManifest.xml:215:9-218:40
229            android:name="com.turnpoint.ticram.tekram_driver.Services.WidgetNewOrder"
229-->src\main\AndroidManifest.xml:216:13-52
230            android:enabled="true"
230-->src\main\AndroidManifest.xml:217:13-35
231            android:exported="false" />
231-->src\main\AndroidManifest.xml:218:13-37
232        <!--
233 <receiver
234            android:name=".FCM.FirebaseBroadcastReceiver"
235            android:enabled="true">
236            <intent-filter>
237                <action android:name="com.tecram.FirebaseBroadcastReceiver" />
238            </intent-filter>
239        </receiver>
240        -->
241        <uses-library
241-->src\main\AndroidManifest.xml:228:9-230:40
242            android:name="org.apache.http.legacy"
242-->src\main\AndroidManifest.xml:229:13-50
243            android:required="false" />
243-->src\main\AndroidManifest.xml:230:13-37
244
245        <service
245-->src\main\AndroidManifest.xml:87:9-93:19
246            android:name="com.turnpoint.ticram.tekram_driver.FCM.MyFirebaseMessagingService"
246-->src\main\AndroidManifest.xml:88:13-59
247            android:exported="false" >
247-->src\main\AndroidManifest.xml:89:13-37
248            <intent-filter>
248-->src\main\AndroidManifest.xml:90:13-92:29
249                <action android:name="com.google.firebase.MESSAGING_EVENT" />
249-->src\main\AndroidManifest.xml:91:17-78
249-->src\main\AndroidManifest.xml:91:25-75
250            </intent-filter>
251        </service>
252
253        <provider
253-->[com.crashlytics.sdk.android:crashlytics:2.8.0] AndroidManifest.xml:12:9-16:39
254            android:name="com.crashlytics.android.CrashlyticsInitProvider"
254-->[com.crashlytics.sdk.android:crashlytics:2.8.0] AndroidManifest.xml:13:13-75
255            android:authorities="com.turnpoint.ticram.tekram_driver.crashlyticsinitprovider"
255-->[com.crashlytics.sdk.android:crashlytics:2.8.0] AndroidManifest.xml:14:13-75
256            android:exported="false"
256-->[com.crashlytics.sdk.android:crashlytics:2.8.0] AndroidManifest.xml:15:13-37
257            android:initOrder="100" />
257-->[com.crashlytics.sdk.android:crashlytics:2.8.0] AndroidManifest.xml:16:13-36
258
259        <service android:name="com.sinch.android.rtc.internal.client.fcm.InstanceIDTokenService" >
259-->[:sinch-android-rtc:3.12.4] AndroidManifest.xml:12:9-16:19
259-->[:sinch-android-rtc:3.12.4] AndroidManifest.xml:12:18-97
260            <intent-filter>
260-->[:sinch-android-rtc:3.12.4] AndroidManifest.xml:13:13-15:29
261                <action android:name="com.google.firebase.INSTANCE_ID_EVENT" />
261-->[:sinch-android-rtc:3.12.4] AndroidManifest.xml:14:17-80
261-->[:sinch-android-rtc:3.12.4] AndroidManifest.xml:14:25-77
262            </intent-filter>
263        </service>
264        <service
264-->[:bubbles] AndroidManifest.xml:39:9-42:40
265            android:name="com.txusballesteros.bubbles.BubblesService"
265-->[:bubbles] AndroidManifest.xml:40:13-70
266            android:enabled="true"
266-->[:bubbles] AndroidManifest.xml:41:13-35
267            android:exported="false" />
267-->[:bubbles] AndroidManifest.xml:42:13-37
268        <!--
269             FirebaseMessagingService performs security checks at runtime,
270             but set to not exported to explicitly avoid allowing another app to call it.
271        -->
272        <service
272-->[com.google.firebase:firebase-messaging:20.0.1] AndroidManifest.xml:28:9-34:19
273            android:name="com.google.firebase.messaging.FirebaseMessagingService"
273-->[com.google.firebase:firebase-messaging:20.0.1] AndroidManifest.xml:29:13-82
274            android:exported="false" >
274-->[com.google.firebase:firebase-messaging:20.0.1] AndroidManifest.xml:30:13-37
275            <intent-filter android:priority="-500" >
275-->src\main\AndroidManifest.xml:90:13-92:29
276                <action android:name="com.google.firebase.MESSAGING_EVENT" />
276-->src\main\AndroidManifest.xml:91:17-78
276-->src\main\AndroidManifest.xml:91:25-75
277            </intent-filter>
278        </service>
279        <service
279-->[com.google.firebase:firebase-database-ktx:19.3.1] AndroidManifest.xml:12:9-18:19
280            android:name="com.google.firebase.components.ComponentDiscoveryService"
280-->[com.google.firebase:firebase-database-ktx:19.3.1] AndroidManifest.xml:13:13-84
281            android:directBootAware="true"
281-->[com.google.firebase:firebase-common:19.3.0] AndroidManifest.xml:34:13-43
282            android:exported="false" >
282-->[com.google.firebase:firebase-database-ktx:19.3.1] AndroidManifest.xml:14:13-37
283            <meta-data
283-->[com.google.firebase:firebase-database-ktx:19.3.1] AndroidManifest.xml:15:13-17:85
284                android:name="com.google.firebase.components:com.google.firebase.database.ktx.FirebaseDatabaseKtxRegistrar"
284-->[com.google.firebase:firebase-database-ktx:19.3.1] AndroidManifest.xml:16:17-124
285                android:value="com.google.firebase.components.ComponentRegistrar" />
285-->[com.google.firebase:firebase-database-ktx:19.3.1] AndroidManifest.xml:17:17-82
286            <meta-data
286-->[com.google.firebase:firebase-config-ktx:19.1.0] AndroidManifest.xml:15:13-17:85
287                android:name="com.google.firebase.components:com.google.firebase.remoteconfig.ktx.FirebaseConfigKtxRegistrar"
287-->[com.google.firebase:firebase-config-ktx:19.1.0] AndroidManifest.xml:16:17-126
288                android:value="com.google.firebase.components.ComponentRegistrar" />
288-->[com.google.firebase:firebase-config-ktx:19.1.0] AndroidManifest.xml:17:17-82
289            <meta-data
289-->[com.google.firebase:firebase-config:19.1.0] AndroidManifest.xml:32:13-34:85
290                android:name="com.google.firebase.components:com.google.firebase.remoteconfig.RemoteConfigRegistrar"
290-->[com.google.firebase:firebase-config:19.1.0] AndroidManifest.xml:33:17-117
291                android:value="com.google.firebase.components.ComponentRegistrar" />
291-->[com.google.firebase:firebase-config:19.1.0] AndroidManifest.xml:34:17-82
292            <meta-data
292-->[com.google.android.gms:play-services-measurement-api:17.2.1] AndroidManifest.xml:30:13-32:85
293                android:name="com.google.firebase.components:com.google.firebase.analytics.connector.internal.AnalyticsConnectorRegistrar"
293-->[com.google.android.gms:play-services-measurement-api:17.2.1] AndroidManifest.xml:31:17-139
294                android:value="com.google.firebase.components.ComponentRegistrar" />
294-->[com.google.android.gms:play-services-measurement-api:17.2.1] AndroidManifest.xml:32:17-82
295            <meta-data
295-->[com.google.firebase:firebase-iid:20.0.1] AndroidManifest.xml:32:13-34:85
296                android:name="com.google.firebase.components:com.google.firebase.iid.Registrar"
296-->[com.google.firebase:firebase-iid:20.0.1] AndroidManifest.xml:33:17-96
297                android:value="com.google.firebase.components.ComponentRegistrar" />
297-->[com.google.firebase:firebase-iid:20.0.1] AndroidManifest.xml:34:17-82
298            <meta-data
298-->[com.google.firebase:firebase-common-ktx:19.3.0] AndroidManifest.xml:15:13-17:85
299                android:name="com.google.firebase.components:com.google.firebase.ktx.FirebaseCommonKtxRegistrar"
299-->[com.google.firebase:firebase-common-ktx:19.3.0] AndroidManifest.xml:16:17-113
300                android:value="com.google.firebase.components.ComponentRegistrar" />
300-->[com.google.firebase:firebase-common-ktx:19.3.0] AndroidManifest.xml:17:17-82
301            <meta-data
301-->[com.google.firebase:firebase-database:19.3.1] AndroidManifest.xml:32:13-34:85
302                android:name="com.google.firebase.components:com.google.firebase.database.DatabaseRegistrar"
302-->[com.google.firebase:firebase-database:19.3.1] AndroidManifest.xml:33:17-109
303                android:value="com.google.firebase.components.ComponentRegistrar" />
303-->[com.google.firebase:firebase-database:19.3.1] AndroidManifest.xml:34:17-82
304            <meta-data
304-->[com.google.firebase:firebase-abt:19.0.0] AndroidManifest.xml:13:13-15:85
305                android:name="com.google.firebase.components:com.google.firebase.abt.component.AbtRegistrar"
305-->[com.google.firebase:firebase-abt:19.0.0] AndroidManifest.xml:14:17-109
306                android:value="com.google.firebase.components.ComponentRegistrar" />
306-->[com.google.firebase:firebase-abt:19.0.0] AndroidManifest.xml:15:17-82
307        </service>
308
309        <receiver
309-->[com.google.firebase:firebase-iid:20.0.1] AndroidManifest.xml:37:9-44:20
310            android:name="com.google.firebase.iid.FirebaseInstanceIdReceiver"
310-->[com.google.firebase:firebase-iid:20.0.1] AndroidManifest.xml:38:13-78
311            android:exported="true"
311-->[com.google.firebase:firebase-iid:20.0.1] AndroidManifest.xml:39:13-36
312            android:permission="com.google.android.c2dm.permission.SEND" >
312-->[com.google.firebase:firebase-iid:20.0.1] AndroidManifest.xml:40:13-73
313            <intent-filter>
313-->[com.google.firebase:firebase-iid:20.0.1] AndroidManifest.xml:41:13-43:29
314                <action android:name="com.google.android.c2dm.intent.RECEIVE" />
314-->[com.google.firebase:firebase-iid:20.0.1] AndroidManifest.xml:42:17-81
314-->[com.google.firebase:firebase-iid:20.0.1] AndroidManifest.xml:42:25-78
315            </intent-filter>
316        </receiver>
317
318        <provider
318-->[com.google.firebase:firebase-common:19.3.0] AndroidManifest.xml:26:9-30:39
319            android:name="com.google.firebase.provider.FirebaseInitProvider"
319-->[com.google.firebase:firebase-common:19.3.0] AndroidManifest.xml:27:13-77
320            android:authorities="com.turnpoint.ticram.tekram_driver.firebaseinitprovider"
320-->[com.google.firebase:firebase-common:19.3.0] AndroidManifest.xml:28:13-72
321            android:exported="false"